0 info it worked if it ends with ok
1 verbose cli [ '/usr/bin/node', '/usr/bin/npm', 'install', '-g', 'socket.io' ]
2 info using npm@2.11.3
3 info using node@v0.12.7
4 verbose node symlink /usr/bin/node
5 verbose install initial load of /usr/lib/package.json
6 verbose readDependencies loading dependencies from /usr/lib/package.json
7 silly cache add args [ 'socket.io', null ]
8 verbose cache add spec socket.io
9 silly cache add parsed spec { raw: 'socket.io',
9 silly cache add   scope: null,
9 silly cache add   name: 'socket.io',
9 silly cache add   rawSpec: '',
9 silly cache add   spec: '*',
9 silly cache add   type: 'range' }
10 silly addNamed socket.io@*
11 verbose addNamed "*" is a valid semver range for socket.io
12 silly addNameRange { name: 'socket.io', range: '*', hasData: false }
13 silly mapToRegistry name socket.io
14 silly mapToRegistry using default registry
15 silly mapToRegistry registry https://registry.npmjs.org/
16 silly mapToRegistry uri https://registry.npmjs.org/socket.io
17 verbose addNameRange registry:https://registry.npmjs.org/socket.io not in flight; fetching
18 verbose request uri https://registry.npmjs.org/socket.io
19 verbose request no auth needed
20 info attempt registry request try #1 at 07:45:59
21 verbose request id 6d17ee434b39ba3a
22 verbose etag "93RYA7AG4E15LE2QYKRKSVQQD"
23 http request GET https://registry.npmjs.org/socket.io
24 http 200 https://registry.npmjs.org/socket.io
25 silly get cb [ 200,
25 silly get   { server: 'CouchDB/1.5.0 (Erlang OTP/R16B03)',
25 silly get     etag: '"5OMZCX186079G7QTLZSZ4W8LQ"',
25 silly get     'content-type': 'application/json',
25 silly get     'cache-control': 'max-age=300',
25 silly get     'content-length': '127056',
25 silly get     'accept-ranges': 'bytes',
25 silly get     date: 'Fri, 29 Jan 2016 06:46:00 GMT',
25 silly get     via: '1.1 varnish',
25 silly get     age: '104',
25 silly get     connection: 'keep-alive',
25 silly get     'x-served-by': 'cache-ams4138-AMS',
25 silly get     'x-cache': 'HIT',
25 silly get     'x-cache-hits': '1',
25 silly get     'x-timer': 'S1454049960.023030,VS0,VE5',
25 silly get     vary: 'Accept' } ]
26 verbose get saving socket.io to /home/razysha/.npm/registry.npmjs.org/socket.io/.cache.json
27 silly addNameRange number 2 { name: 'socket.io', range: '*', hasData: true }
28 silly addNameRange versions [ 'socket.io',
28 silly addNameRange   [ '0.3.8',
28 silly addNameRange     '0.4.0',
28 silly addNameRange     '0.4.1',
28 silly addNameRange     '0.5.1',
28 silly addNameRange     '0.5.3',
28 silly addNameRange     '0.6.0',
28 silly addNameRange     '0.6.1',
28 silly addNameRange     '0.6.3',
28 silly addNameRange     '0.6.4',
28 silly addNameRange     '0.6.5',
28 silly addNameRange     '0.6.6',
28 silly addNameRange     '0.6.7',
28 silly addNameRange     '0.6.8',
28 silly addNameRange     '0.6.9',
28 silly addNameRange     '0.6.10',
28 silly addNameRange     '0.6.11',
28 silly addNameRange     '0.6.12',
28 silly addNameRange     '0.6.14',
28 silly addNameRange     '0.6.15',
28 silly addNameRange     '0.6.16',
28 silly addNameRange     '0.6.17',
28 silly addNameRange     '0.6.18',
28 silly addNameRange     '0.7.0',
28 silly addNameRange     '0.7.1',
28 silly addNameRange     '0.7.2',
28 silly addNameRange     '0.7.3',
28 silly addNameRange     '0.7.4',
28 silly addNameRange     '0.7.5',
28 silly addNameRange     '0.7.6',
28 silly addNameRange     '0.7.7',
28 silly addNameRange     '0.7.8',
28 silly addNameRange     '0.7.9',
28 silly addNameRange     '0.7.10',
28 silly addNameRange     '0.7.11',
28 silly addNameRange     '0.8.0',
28 silly addNameRange     '0.8.1',
28 silly addNameRange     '0.8.2',
28 silly addNameRange     '0.8.3',
28 silly addNameRange     '0.8.4',
28 silly addNameRange     '0.8.5',
28 silly addNameRange     '0.8.6',
28 silly addNameRange     '0.8.7',
28 silly addNameRange     '0.9.0',
28 silly addNameRange     '0.9.1',
28 silly addNameRange     '0.9.1-1',
28 silly addNameRange     '0.9.2',
28 silly addNameRange     '0.9.3',
28 silly addNameRange     '0.9.4',
28 silly addNameRange     '0.9.5',
28 silly addNameRange     '0.9.6',
28 silly addNameRange     '0.9.7',
28 silly addNameRange     '0.9.8',
28 silly addNameRange     '0.9.9',
28 silly addNameRange     '0.9.10',
28 silly addNameRange     '0.9.11',
28 silly addNameRange     '0.9.12',
28 silly addNameRange     '0.9.13',
28 silly addNameRange     '0.9.14',
28 silly addNameRange     '0.9.15',
28 silly addNameRange     '0.9.16',
28 silly addNameRange     '1.0.0-pre',
28 silly addNameRange     '1.0.0-pre2',
28 silly addNameRange     '1.0.0-pre3',
28 silly addNameRange     '1.0.0-pre4',
28 silly addNameRange     '1.0.0-pre5',
28 silly addNameRange     '0.9.17',
28 silly addNameRange     '1.0.0',
28 silly addNameRange     '1.0.1',
28 silly addNameRange     '1.0.2',
28 silly addNameRange     '1.0.3',
28 silly addNameRange     '1.0.4',
28 silly addNameRange     '1.0.5',
28 silly addNameRange     '1.0.6',
28 silly addNameRange     '1.1.0',
28 silly addNameRange     '1.2.0',
28 silly addNameRange     '1.2.1',
28 silly addNameRange     '1.3.0',
28 silly addNameRange     '1.3.1',
28 silly addNameRange     '1.3.2',
28 silly addNameRange     '1.3.3',
28 silly addNameRange     '1.3.4',
28 silly addNameRange     '1.3.5',
28 silly addNameRange     '1.3.6',
28 silly addNameRange     '1.3.7',
28 silly addNameRange     '1.4.0',
28 silly addNameRange     '1.4.1',
28 silly addNameRange     '1.4.2',
28 silly addNameRange     '1.4.3',
28 silly addNameRange     '1.4.4',
28 silly addNameRange     '1.4.5' ] ]
29 silly addNamed socket.io@1.4.5
30 verbose addNamed "1.4.5" is a plain semver version for socket.io
31 silly mapToRegistry name socket.io
32 silly mapToRegistry using default registry
33 silly mapToRegistry registry https://registry.npmjs.org/
34 silly mapToRegistry uri https://registry.npmjs.org/socket.io
35 verbose addRemoteTarball https://registry.npmjs.org/socket.io/-/socket.io-1.4.5.tgz not in flight; adding
36 verbose addRemoteTarball [ 'https://registry.npmjs.org/socket.io/-/socket.io-1.4.5.tgz',
36 verbose addRemoteTarball   'f202f49eeb9cf7cf6c0971ad75d8d96d451ea4f7' ]
37 info retry fetch attempt 1 at 07:46:00
38 info attempt registry request try #1 at 07:46:00
39 http fetch GET https://registry.npmjs.org/socket.io/-/socket.io-1.4.5.tgz
40 http fetch 200 https://registry.npmjs.org/socket.io/-/socket.io-1.4.5.tgz
41 silly fetchAndShaCheck shasum f202f49eeb9cf7cf6c0971ad75d8d96d451ea4f7
42 verbose addTmpTarball /tmp/npm-6649-c6a3d92d/registry.npmjs.org/socket.io/-/socket.io-1.4.5.tgz not in flight; adding
43 verbose addTmpTarball already have metadata; skipping unpack for socket.io@1.4.5
44 silly cache afterAdd socket.io@1.4.5
45 verbose afterAdd /home/razysha/.npm/socket.io/1.4.5/package/package.json not in flight; writing
46 verbose afterAdd /home/razysha/.npm/socket.io/1.4.5/package/package.json written
47 silly install resolved [ { name: 'socket.io',
47 silly install resolved     version: '1.4.5',
47 silly install resolved     description: 'node.js realtime framework server',
47 silly install resolved     keywords:
47 silly install resolved      [ 'realtime',
47 silly install resolved        'framework',
47 silly install resolved        'websocket',
47 silly install resolved        'tcp',
47 silly install resolved        'events',
47 silly install resolved        'socket',
47 silly install resolved        'io' ],
47 silly install resolved     main: './lib/index',
47 silly install resolved     license: 'MIT',
47 silly install resolved     repository: { type: 'git', url: 'git://github.com/Automattic/socket.io' },
47 silly install resolved     scripts: { test: 'mocha --reporter dot --slow 200ms --bail' },
47 silly install resolved     dependencies:
47 silly install resolved      { 'engine.io': '1.6.8',
47 silly install resolved        'socket.io-parser': '2.2.6',
47 silly install resolved        'socket.io-client': '1.4.5',
47 silly install resolved        'socket.io-adapter': '0.4.0',
47 silly install resolved        'has-binary': '0.1.7',
47 silly install resolved        debug: '2.2.0' },
47 silly install resolved     devDependencies:
47 silly install resolved      { 'expect.js': '0.3.1',
47 silly install resolved        istanbul: '0.4.1',
47 silly install resolved        mocha: '2.3.4',
47 silly install resolved        superagent: '1.6.1',
47 silly install resolved        supertest: '1.1.0',
47 silly install resolved        'zuul-ngrok': '3.2.0' },
47 silly install resolved     contributors: [ [Object], [Object], [Object], [Object] ],
47 silly install resolved     gitHead: 'b3fc530abefd384b3a89ff5493e97f3ef85098d4',
47 silly install resolved     bugs: { url: 'https://github.com/Automattic/socket.io/issues' },
47 silly install resolved     homepage: 'https://github.com/Automattic/socket.io',
47 silly install resolved     _id: 'socket.io@1.4.5',
47 silly install resolved     _shasum: 'f202f49eeb9cf7cf6c0971ad75d8d96d451ea4f7',
47 silly install resolved     _from: 'socket.io@*',
47 silly install resolved     _npmVersion: '3.3.12',
47 silly install resolved     _nodeVersion: '5.3.0',
47 silly install resolved     _npmUser: { name: 'rauchg', email: 'rauchg@gmail.com' },
47 silly install resolved     maintainers: [ [Object] ],
47 silly install resolved     dist:
47 silly install resolved      { shasum: 'f202f49eeb9cf7cf6c0971ad75d8d96d451ea4f7',
47 silly install resolved        tarball: 'http://registry.npmjs.org/socket.io/-/socket.io-1.4.5.tgz' },
47 silly install resolved     directories: {},
47 silly install resolved     _resolved: 'https://registry.npmjs.org/socket.io/-/socket.io-1.4.5.tgz' } ]
48 info install socket.io@1.4.5 into /usr/lib
49 info installOne socket.io@1.4.5
50 verbose installOne of socket.io to /usr/lib not in flight; installing
51 verbose lock using /home/razysha/.npm/_locks/socket-io-f6c68160cb469eba.lock for /usr/lib/node_modules/socket.io
52 silly install write writing socket.io 1.4.5 to /usr/lib/node_modules/socket.io
53 verbose unbuild lib/node_modules/socket.io
54 info preuninstall socket.io@1.4.4
55 info uninstall socket.io@1.4.4
56 verbose unbuild rmStuff socket.io@1.4.4 from /usr/lib/node_modules
57 info postuninstall socket.io@1.4.4
58 silly gentlyRm /usr/lib/node_modules/socket.io is being purged from base /usr
59 verbose gentlyRm don't care about contents; nuking /usr/lib/node_modules/socket.io
60 silly vacuum-fs purging /usr/lib/node_modules/socket.io
61 verbose unlock done using /home/razysha/.npm/_locks/socket-io-f6c68160cb469eba.lock for /usr/lib/node_modules/socket.io
62 verbose stack Error: EACCES, rmdir '/usr/lib/node_modules/socket.io'
62 verbose stack     at Error (native)
63 verbose cwd /home/razysha/training-room
64 error Linux 3.13.0-57-generic
65 error argv "/usr/bin/node" "/usr/bin/npm" "install" "-g" "socket.io"
66 error node v0.12.7
67 error npm  v2.11.3
68 error path /usr/lib/node_modules/socket.io
69 error code EACCES
70 error errno -13
71 error Error: EACCES, rmdir '/usr/lib/node_modules/socket.io'
71 error     at Error (native)
71 error  { [Error: EACCES, rmdir '/usr/lib/node_modules/socket.io']
71 error   errno: -13,
71 error   code: 'EACCES',
71 error   path: '/usr/lib/node_modules/socket.io' }
72 error Please try running this command again as root/Administrator.
73 verbose exit [ -13, true ]
74 verbose unbuild lib/node_modules/socket.io
75 info preuninstall socket.io@1.4.4
76 info uninstall socket.io@1.4.4
77 verbose unbuild rmStuff socket.io@1.4.4 from /usr/lib/node_modules
78 info postuninstall socket.io@1.4.4
79 silly gentlyRm /usr/lib/node_modules/socket.io is being purged from base /usr
80 verbose gentlyRm don't care about contents; nuking /usr/lib/node_modules/socket.io
81 silly vacuum-fs purging /usr/lib/node_modules/socket.io
82 error error rolling back Error: EACCES, rmdir '/usr/lib/node_modules/socket.io'
82 error error rolling back     at Error (native)
82 error error rolling back  { [Error: EACCES, rmdir '/usr/lib/node_modules/socket.io']
82 error error rolling back   errno: -13,
82 error error rolling back   code: 'EACCES',
82 error error rolling back   path: '/usr/lib/node_modules/socket.io' }
